Using pre-set license
Built from '2021.3/staging' branch; Version is '2021.3.21f1 (1b156197d683) revision 1774945'; Using compiler version '192829333'; Build Type 'Release'
OS: 'Windows 11  (10.0.22621) 64bit Professional' Language: 'en' Physical Memory: 31904 MB
BatchMode: 1, IsHumanControllingUs: 0, StartBugReporterOnCrash: 0, Is64bit: 1, IsPro: 1

COMMAND LINE ARGUMENTS:
C:\Program Files\Unity\Hub\Editor\2021.3.21f1\Editor\Unity.exe
-adb2
-batchMode
-noUpm
-name
AssetImportWorker5
-projectPath
C:/Users/rvill/OneDrive/Documents/GitHub/3D-Video-Game
-logFile
Logs/AssetImportWorker5.log
-srvPort
59298
Successfully changed project path to: C:/Users/rvill/OneDrive/Documents/GitHub/3D-Video-Game
C:/Users/rvill/OneDrive/Documents/GitHub/3D-Video-Game
[UnityMemory] Configuration Parameters - Can be set up in boot.config
    "memorysetup-bucket-allocator-granularity=16"
    "memorysetup-bucket-allocator-bucket-count=8"
    "memorysetup-bucket-allocator-block-size=33554432"
    "memorysetup-bucket-allocator-block-count=8"
    "memorysetup-main-allocator-block-size=16777216"
    "memorysetup-thread-allocator-block-size=16777216"
    "memorysetup-gfx-main-allocator-block-size=16777216"
    "memorysetup-gfx-thread-allocator-block-size=16777216"
    "memorysetup-cache-allocator-block-size=4194304"
    "memorysetup-typetree-allocator-block-size=2097152"
    "memorysetup-profiler-bucket-allocator-granularity=16"
    "memorysetup-profiler-bucket-allocator-bucket-count=8"
    "memorysetup-profiler-bucket-allocator-block-size=33554432"
    "memorysetup-profiler-bucket-allocator-block-count=8"
    "memorysetup-profiler-allocator-block-size=16777216"
    "memorysetup-profiler-editor-allocator-block-size=1048576"
    "memorysetup-temp-allocator-size-main=16777216"
    "memorysetup-job-temp-allocator-block-size=2097152"
    "memorysetup-job-temp-allocator-block-size-background=1048576"
    "memorysetup-job-temp-allocator-reduction-small-platforms=262144"
    "memorysetup-temp-allocator-size-background-worker=32768"
    "memorysetup-temp-allocator-size-job-worker=262144"
    "memorysetup-temp-allocator-size-preload-manager=33554432"
    "memorysetup-temp-allocator-size-nav-mesh-worker=65536"
    "memorysetup-temp-allocator-size-audio-worker=65536"
    "memorysetup-temp-allocator-size-cloud-worker=32768"
    "memorysetup-temp-allocator-size-gi-baking-worker=262144"
    "memorysetup-temp-allocator-size-gfx=262144"
Player connection [1864] Host "[IP] 192.168.1.209 [Port] 0 [Flags] 2 [Guid] 1525096722 [EditorId] 1525096722 [Version] 1048832 [Id] WindowsEditor(7,RISHIPC) [Debug] 1 [PackageName] WindowsEditor [ProjectName] Editor" joined multi-casting on [225.0.0.222:54997]...

Player connection [1864] Host "[IP] 192.168.1.209 [Port] 0 [Flags] 2 [Guid] 1525096722 [EditorId] 1525096722 [Version] 1048832 [Id] WindowsEditor(7,RISHIPC) [Debug] 1 [PackageName] WindowsEditor [ProjectName] Editor" joined alternative multi-casting on [225.0.0.222:34997]...

Refreshing native plugins compatible for Editor in 58.13 ms, found 3 plugins.
Preloading 0 native plugins for Editor in 0.00 ms.
Initialize engine version: 2021.3.21f1 (1b156197d683)
[Subsystems] Discovering subsystems at path C:/Program Files/Unity/Hub/Editor/2021.3.21f1/Editor/Data/Resources/UnitySubsystems
[Subsystems] Discovering subsystems at path C:/Users/rvill/OneDrive/Documents/GitHub/3D-Video-Game/Assets
GfxDevice: creating device client; threaded=0; jobified=0
Direct3D:
    Version:  Direct3D 11.0 [level 11.1]
    Renderer: NVIDIA GeForce RTX 3070 Ti (ID=0x2207)
    Vendor:   NVIDIA
    VRAM:     8031 MB
    Driver:   31.0.15.3129
Initialize mono
Mono path[0] = 'C:/Program Files/Unity/Hub/Editor/2021.3.21f1/Editor/Data/Managed'
Mono path[1] = 'C:/Program Files/Unity/Hub/Editor/2021.3.21f1/Editor/Data/MonoBleedingEdge/lib/mono/unityjit-win32'
Mono config path = 'C:/Program Files/Unity/Hub/Editor/2021.3.21f1/Editor/Data/MonoBleedingEdge/etc'
Using monoOptions --debugger-agent=transport=dt_socket,embedding=1,server=y,suspend=n,address=127.0.0.1:56152
Begin MonoManager ReloadAssembly
Registering precompiled unity dll's ...
Register platform support module: C:/Program Files/Unity/Hub/Editor/2021.3.21f1/Editor/Data/PlaybackEngines/WebGLSupport/UnityEditor.WebGL.Extensions.dll
Register platform support module: C:/Program Files/Unity/Hub/Editor/2021.3.21f1/Editor/Data/PlaybackEngines/WindowsStandaloneSupport/UnityEditor.WindowsStandalone.Extensions.dll
Registered in 0.003051 seconds.
Native extension for WindowsStandalone target not found
Native extension for WebGL target not found
Refreshing native plugins compatible for Editor in 52.81 ms, found 3 plugins.
Preloading 0 native plugins for Editor in 0.00 ms.
Mono: successfully reloaded assembly
- Completed reload, in  0.414 seconds
Domain Reload Profiling:
	ReloadAssembly (414ms)
		BeginReloadAssembly (68ms)
			ExecutionOrderSort (0ms)
			DisableScriptedObjects (0ms)
			BackupInstance (0ms)
			ReleaseScriptingObjects (0ms)
			CreateAndSetChildDomain (0ms)
		EndReloadAssembly (272ms)
			LoadAssemblies (67ms)
			RebuildTransferFunctionScriptingTraits (0ms)
			SetupTypeCache (66ms)
			ReleaseScriptCaches (0ms)
			RebuildScriptCaches (15ms)
			SetupLoadedEditorAssemblies (159ms)
				LogAssemblyErrors (0ms)
				InitializePlatformSupportModulesInManaged (4ms)
				SetLoadedEditorAssemblies (0ms)
				RefreshPlugins (53ms)
				BeforeProcessingInitializeOnLoad (1ms)
				ProcessInitializeOnLoadAttributes (76ms)
				ProcessInitializeOnLoadMethodAttributes (25ms)
				AfterProcessingInitializeOnLoad (0ms)
				EditorAssembliesLoaded (0ms)
			ExecutionOrderSort2 (0ms)
			AwakeInstancesAfterBackupRestoration (0ms)
Platform modules already initialized, skipping
Registering precompiled user dll's ...
Registered in 0.002653 seconds.
Begin MonoManager ReloadAssembly
Symbol file LoadedFromMemory doesn't match image C:\Users\rvill\OneDrive\Documents\GitHub\3D-Video-Game\Library\PackageCache\com.unity.visualscripting@1.8.0\Editor\VisualScripting.Core\Dependencies\YamlDotNet\Unity.VisualScripting.YamlDotNet.dll
Symbol file LoadedFromMemory doesn't match image C:\Users\rvill\OneDrive\Documents\GitHub\3D-Video-Game\Library\PackageCache\com.unity.visualscripting@1.8.0\Editor\VisualScripting.Core\Dependencies\DotNetZip\Unity.VisualScripting.IonicZip.dll
Native extension for WindowsStandalone target not found
Native extension for WebGL target not found
Refreshing native plugins compatible for Editor in 0.41 ms, found 3 plugins.
Preloading 0 native plugins for Editor in 0.00 ms.
Mono: successfully reloaded assembly
- Completed reload, in  0.546 seconds
Domain Reload Profiling:
	ReloadAssembly (547ms)
		BeginReloadAssembly (68ms)
			ExecutionOrderSort (0ms)
			DisableScriptedObjects (3ms)
			BackupInstance (0ms)
			ReleaseScriptingObjects (0ms)
			CreateAndSetChildDomain (15ms)
		EndReloadAssembly (420ms)
			LoadAssemblies (53ms)
			RebuildTransferFunctionScriptingTraits (0ms)
			SetupTypeCache (140ms)
			ReleaseScriptCaches (0ms)
			RebuildScriptCaches (26ms)
			SetupLoadedEditorAssemblies (187ms)
				LogAssemblyErrors (0ms)
				InitializePlatformSupportModulesInManaged (3ms)
				SetLoadedEditorAssemblies (0ms)
				RefreshPlugins (0ms)
				BeforeProcessingInitializeOnLoad (40ms)
				ProcessInitializeOnLoadAttributes (127ms)
				ProcessInitializeOnLoadMethodAttributes (13ms)
				AfterProcessingInitializeOnLoad (3ms)
				EditorAssembliesLoaded (0ms)
			ExecutionOrderSort2 (0ms)
			AwakeInstancesAfterBackupRestoration (3ms)
Platform modules already initialized, skipping
========================================================================
Worker process is ready to serve import requests
Launched and connected shader compiler UnityShaderCompiler.exe after 0.03 seconds
Refreshing native plugins compatible for Editor in 0.65 ms, found 3 plugins.
Preloading 0 native plugins for Editor in 0.00 ms.
Unloading 3056 Unused Serialized files (Serialized files now loaded: 0)
Unloading 24 unused Assets / (115.3 KB). Loaded Objects now: 3558.
Memory consumption went from 127.2 MB to 127.0 MB.
Total: 2.227100 ms (FindLiveObjects: 0.230000 ms CreateObjectMapping: 0.043700 ms MarkObjects: 1.845800 ms  DeleteObjects: 0.106700 ms)

AssetImportParameters requested are different than current active one (requested -> active):
  custom:video-decoder-ogg-theora: a1e56fd34408186e4bbccfd4996cb3dc -> 
  custom:container-muxer-webm: aa71ff27fc2769a1b78a27578f13a17b -> 
  custom:container-demuxer-webm: 4f35f7cbe854078d1ac9338744f61a02 -> 
  custom:video-encoder-webm-vp8: eb34c28f22e8b96e1ab97ce403110664 -> 
  custom:video-codec-MediaFoundation-h265: 746d11721c4dcdbdad8f713fa42b33f4 -> 
  custom:audio-encoder-webm-vorbis: bf7c407c2cedff20999df2af8eb42d56 -> 
  custom:framework-win-MediaFoundation: 216162199b28c13a410421893ffa2e32 -> 
  custom:container-demuxer-ogg: 62fdf1f143b41e24485cea50d1cbac27 -> 
  custom:video-decoder-webm-vp8: 9c59270c3fd7afecdb556c50c9e8de78 -> 
  custom:audio-decoder-ogg-vorbis: bf7c407c2cedff20999df2af8eb42d56 -> 
========================================================================
Received Import Request.
  Time since last request: 349126.984039 seconds.
  path: Assets/Free medieval weapons/Prefabs/Axe_OS.prefab
  artifactKey: Guid(1fa34df54f1414448b502a85dfa4a95c) Importer(815301076,1909f56bfc062723c751e8b465ee728b)
Start importing Assets/Free medieval weapons/Prefabs/Axe_OS.prefab using Guid(1fa34df54f1414448b502a85dfa4a95c) Importer(815301076,1909f56bfc062723c751e8b465ee728b)  -> (artifact id: '776c9f3bf220931043e8b6979eef84fc') in 0.316462 seconds 
========================================================================
Received Import Request.
  Time since last request: 0.000027 seconds.
  path: Assets/Mini Legion Footman PBR HP Polyart/Prefabs/FootmanPolyart.prefab
  artifactKey: Guid(44e54165d41e34c41ba73a629630ce03) Importer(815301076,1909f56bfc062723c751e8b465ee728b)
Start importing Assets/Mini Legion Footman PBR HP Polyart/Prefabs/FootmanPolyart.prefab using Guid(44e54165d41e34c41ba73a629630ce03) Importer(815301076,1909f56bfc062723c751e8b465ee728b)  -> (artifact id: 'bacdae6b634cab801bb617ef13886a75') in 0.023774 seconds 
========================================================================
Received Import Request.
  Time since last request: 0.000026 seconds.
  path: Assets/Demo/Low poly package/Prefabs/Tulip3.prefab
  artifactKey: Guid(51664acbd06a6a648b4ce3632f5b9cff) Importer(815301076,1909f56bfc062723c751e8b465ee728b)
Start importing Assets/Demo/Low poly package/Prefabs/Tulip3.prefab using Guid(51664acbd06a6a648b4ce3632f5b9cff) Importer(815301076,1909f56bfc062723c751e8b465ee728b)  -> (artifact id: 'ce2d983309f11ee0052e94dd0f9875c4') in 0.008983 seconds 
========================================================================
Received Import Request.
  Time since last request: 0.000019 seconds.
  path: Assets/Demo/Low poly package/Prefabs/Tree 3.prefab
  artifactKey: Guid(e5511e90785bb574697f6ca285201d6c) Importer(815301076,1909f56bfc062723c751e8b465ee728b)
Start importing Assets/Demo/Low poly package/Prefabs/Tree 3.prefab using Guid(e5511e90785bb574697f6ca285201d6c) Importer(815301076,1909f56bfc062723c751e8b465ee728b)  -> (artifact id: '7b99ad22e438e9e6b59cf88de84f7eb0') in 0.009261 seconds 
========================================================================
Received Import Request.
  Time since last request: 0.000015 seconds.
  path: Assets/Demo/Low poly package/Prefabs/House 3.prefab
  artifactKey: Guid(c65d7bcc5fd3524428b00aca7ef31f37) Importer(815301076,1909f56bfc062723c751e8b465ee728b)
Start importing Assets/Demo/Low poly package/Prefabs/House 3.prefab using Guid(c65d7bcc5fd3524428b00aca7ef31f37) Importer(815301076,1909f56bfc062723c751e8b465ee728b)  -> (artifact id: '5c136584ba915893c028a328ad7aff29') in 0.010229 seconds 
========================================================================
Received Import Request.
  Time since last request: 0.000015 seconds.
  path: Assets/Supercyan Free Forest Sample/Prefabs/Mobile/Foliage/Mushroom/Mobile_forestpack_foliage_mushroom_red_small.prefab
  artifactKey: Guid(1530caefe50f68042978f4b8cd52a92b) Importer(815301076,1909f56bfc062723c751e8b465ee728b)
Start importing Assets/Supercyan Free Forest Sample/Prefabs/Mobile/Foliage/Mushroom/Mobile_forestpack_foliage_mushroom_red_small.prefab using Guid(1530caefe50f68042978f4b8cd52a92b) Importer(815301076,1909f56bfc062723c751e8b465ee728b)  -> (artifact id: '866da29f34e0e8de55fd9ef596d35d3a') in 0.008752 seconds 
========================================================================
Received Import Request.
  Time since last request: 0.000014 seconds.
  path: Assets/Free medieval weapons/Prefabs/Sword_OH.prefab
  artifactKey: Guid(259746fbc59909b4eb14377c46a80363) Importer(815301076,1909f56bfc062723c751e8b465ee728b)
Start importing Assets/Free medieval weapons/Prefabs/Sword_OH.prefab using Guid(259746fbc59909b4eb14377c46a80363) Importer(815301076,1909f56bfc062723c751e8b465ee728b)  -> (artifact id: 'fff85796630a5e50c5c448e2b78dea5b') in 0.013609 seconds 
========================================================================
Received Import Request.
  Time since last request: 0.000015 seconds.
  path: Assets/Supercyan Free Forest Sample/Prefabs/Mobile/Tree/Treestump/Mobile_forestpack_tree_stump_1.prefab
  artifactKey: Guid(68dad9db2dc9d2249aa0a58c5d2adc36) Importer(815301076,1909f56bfc062723c751e8b465ee728b)
Start importing Assets/Supercyan Free Forest Sample/Prefabs/Mobile/Tree/Treestump/Mobile_forestpack_tree_stump_1.prefab using Guid(68dad9db2dc9d2249aa0a58c5d2adc36) Importer(815301076,1909f56bfc062723c751e8b465ee728b)  -> (artifact id: '6fb5b63fe1cf23a397fd53400b143962') in 0.010824 seconds 
========================================================================
Received Import Request.
  Time since last request: 0.000017 seconds.
  path: Assets/Mini Legion Grunt PBR HP Polyart/Prefab/GruntPBR.prefab
  artifactKey: Guid(176299a76ecfc7544b22a66fae200ac7) Importer(815301076,1909f56bfc062723c751e8b465ee728b)
Start importing Assets/Mini Legion Grunt PBR HP Polyart/Prefab/GruntPBR.prefab using Guid(176299a76ecfc7544b22a66fae200ac7) Importer(815301076,1909f56bfc062723c751e8b465ee728b)  -> (artifact id: '3517a09fa3a52218ddc0f3be5330dafb') in 0.107189 seconds 
========================================================================
Received Import Request.
  Time since last request: 0.000016 seconds.
  path: Assets/Demo/Low poly package/Prefabs/Mushroom 2.prefab
  artifactKey: Guid(94176c55b3dbb334280164c73dcae123) Importer(815301076,1909f56bfc062723c751e8b465ee728b)
Start importing Assets/Demo/Low poly package/Prefabs/Mushroom 2.prefab using Guid(94176c55b3dbb334280164c73dcae123) Importer(815301076,1909f56bfc062723c751e8b465ee728b)  -> (artifact id: 'd93e416d398104bfced3fc81538d700f') in 0.009480 seconds 
========================================================================
Received Import Request.
  Time since last request: 0.000019 seconds.
  path: Assets/Demo/Low poly package/Prefabs/Grass 1.prefab
  artifactKey: Guid(313c112bb4c95a04fa2cfbf431c429f9) Importer(815301076,1909f56bfc062723c751e8b465ee728b)
Start importing Assets/Demo/Low poly package/Prefabs/Grass 1.prefab using Guid(313c112bb4c95a04fa2cfbf431c429f9) Importer(815301076,1909f56bfc062723c751e8b465ee728b)  -> (artifact id: '3c7d91068ed4374cf1cecd260aeddb22') in 0.008616 seconds 
========================================================================
Received Import Request.
  Time since last request: 0.000018 seconds.
  path: Assets/Mini Legion Lich PBR HP Polyart/Prefabs/FreeLichHP.prefab
  artifactKey: Guid(7ed3e345f07e89940ae0c1e00eeb7d1d) Importer(815301076,1909f56bfc062723c751e8b465ee728b)
Start importing Assets/Mini Legion Lich PBR HP Polyart/Prefabs/FreeLichHP.prefab using Guid(7ed3e345f07e89940ae0c1e00eeb7d1d) Importer(815301076,1909f56bfc062723c751e8b465ee728b)  -> (artifact id: 'da74c81f0db0a1d26a70521fd42e5830') in 0.029539 seconds 
Editor requested this worker to shutdown with reason: Scaling down because of idle timeout
AssetImportWorker is now disconnected from the server
Process exiting
Exiting without the bug reporter. Application will terminate with return code 0