Using pre-set license
Built from '2021.3/staging' branch; Version is '2021.3.21f1 (1b156197d683) revision 1774945'; Using compiler version '192829333'; Build Type 'Release'
OS: 'Windows 11  (10.0.22621) 64bit Professional' Language: 'en' Physical Memory: 31904 MB
BatchMode: 1, IsHumanControllingUs: 0, StartBugReporterOnCrash: 0, Is64bit: 1, IsPro: 1

COMMAND LINE ARGUMENTS:
C:\Program Files\Unity\Hub\Editor\2021.3.21f1\Editor\Unity.exe
-adb2
-batchMode
-noUpm
-name
AssetImportWorker0
-projectPath
C:/Users/rvill/OneDrive/Documents/GitHub/3D-Video-Game
-logFile
Logs/AssetImportWorker0.log
-srvPort
59298
Successfully changed project path to: C:/Users/rvill/OneDrive/Documents/GitHub/3D-Video-Game
C:/Users/rvill/OneDrive/Documents/GitHub/3D-Video-Game
[UnityMemory] Configuration Parameters - Can be set up in boot.config
    "memorysetup-bucket-allocator-granularity=16"
    "memorysetup-bucket-allocator-bucket-count=8"
    "memorysetup-bucket-allocator-block-size=33554432"
    "memorysetup-bucket-allocator-block-count=8"
    "memorysetup-main-allocator-block-size=16777216"
    "memorysetup-thread-allocator-block-size=16777216"
    "memorysetup-gfx-main-allocator-block-size=16777216"
    "memorysetup-gfx-thread-allocator-block-size=16777216"
    "memorysetup-cache-allocator-block-size=4194304"
    "memorysetup-typetree-allocator-block-size=2097152"
    "memorysetup-profiler-bucket-allocator-granularity=16"
    "memorysetup-profiler-bucket-allocator-bucket-count=8"
    "memorysetup-profiler-bucket-allocator-block-size=33554432"
    "memorysetup-profiler-bucket-allocator-block-count=8"
    "memorysetup-profiler-allocator-block-size=16777216"
    "memorysetup-profiler-editor-allocator-block-size=1048576"
    "memorysetup-temp-allocator-size-main=16777216"
    "memorysetup-job-temp-allocator-block-size=2097152"
    "memorysetup-job-temp-allocator-block-size-background=1048576"
    "memorysetup-job-temp-allocator-reduction-small-platforms=262144"
    "memorysetup-temp-allocator-size-background-worker=32768"
    "memorysetup-temp-allocator-size-job-worker=262144"
    "memorysetup-temp-allocator-size-preload-manager=33554432"
    "memorysetup-temp-allocator-size-nav-mesh-worker=65536"
    "memorysetup-temp-allocator-size-audio-worker=65536"
    "memorysetup-temp-allocator-size-cloud-worker=32768"
    "memorysetup-temp-allocator-size-gi-baking-worker=262144"
    "memorysetup-temp-allocator-size-gfx=262144"
Player connection [2148] Host "[IP] 192.168.1.209 [Port] 0 [Flags] 2 [Guid] 3907545088 [EditorId] 3907545088 [Version] 1048832 [Id] WindowsEditor(7,RISHIPC) [Debug] 1 [PackageName] WindowsEditor [ProjectName] Editor" joined multi-casting on [225.0.0.222:54997]...

Player connection [2148] Host "[IP] 192.168.1.209 [Port] 0 [Flags] 2 [Guid] 3907545088 [EditorId] 3907545088 [Version] 1048832 [Id] WindowsEditor(7,RISHIPC) [Debug] 1 [PackageName] WindowsEditor [ProjectName] Editor" joined alternative multi-casting on [225.0.0.222:34997]...

Refreshing native plugins compatible for Editor in 67.43 ms, found 3 plugins.
Preloading 0 native plugins for Editor in 0.00 ms.
Initialize engine version: 2021.3.21f1 (1b156197d683)
[Subsystems] Discovering subsystems at path C:/Program Files/Unity/Hub/Editor/2021.3.21f1/Editor/Data/Resources/UnitySubsystems
[Subsystems] Discovering subsystems at path C:/Users/rvill/OneDrive/Documents/GitHub/3D-Video-Game/Assets
GfxDevice: creating device client; threaded=0; jobified=0
Direct3D:
    Version:  Direct3D 11.0 [level 11.1]
    Renderer: NVIDIA GeForce RTX 3070 Ti (ID=0x2207)
    Vendor:   NVIDIA
    VRAM:     8031 MB
    Driver:   31.0.15.3129
Initialize mono
Mono path[0] = 'C:/Program Files/Unity/Hub/Editor/2021.3.21f1/Editor/Data/Managed'
Mono path[1] = 'C:/Program Files/Unity/Hub/Editor/2021.3.21f1/Editor/Data/MonoBleedingEdge/lib/mono/unityjit-win32'
Mono config path = 'C:/Program Files/Unity/Hub/Editor/2021.3.21f1/Editor/Data/MonoBleedingEdge/etc'
Using monoOptions --debugger-agent=transport=dt_socket,embedding=1,server=y,suspend=n,address=127.0.0.1:56416
Begin MonoManager ReloadAssembly
Registering precompiled unity dll's ...
Register platform support module: C:/Program Files/Unity/Hub/Editor/2021.3.21f1/Editor/Data/PlaybackEngines/WebGLSupport/UnityEditor.WebGL.Extensions.dll
Register platform support module: C:/Program Files/Unity/Hub/Editor/2021.3.21f1/Editor/Data/PlaybackEngines/WindowsStandaloneSupport/UnityEditor.WindowsStandalone.Extensions.dll
Registered in 0.003802 seconds.
Native extension for WindowsStandalone target not found
Native extension for WebGL target not found
Refreshing native plugins compatible for Editor in 70.22 ms, found 3 plugins.
Preloading 0 native plugins for Editor in 0.00 ms.
Mono: successfully reloaded assembly
- Completed reload, in  0.412 seconds
Domain Reload Profiling:
	ReloadAssembly (413ms)
		BeginReloadAssembly (52ms)
			ExecutionOrderSort (0ms)
			DisableScriptedObjects (0ms)
			BackupInstance (0ms)
			ReleaseScriptingObjects (0ms)
			CreateAndSetChildDomain (0ms)
		EndReloadAssembly (304ms)
			LoadAssemblies (51ms)
			RebuildTransferFunctionScriptingTraits (0ms)
			SetupTypeCache (68ms)
			ReleaseScriptCaches (0ms)
			RebuildScriptCaches (15ms)
			SetupLoadedEditorAssemblies (188ms)
				LogAssemblyErrors (0ms)
				InitializePlatformSupportModulesInManaged (5ms)
				SetLoadedEditorAssemblies (0ms)
				RefreshPlugins (70ms)
				BeforeProcessingInitializeOnLoad (1ms)
				ProcessInitializeOnLoadAttributes (85ms)
				ProcessInitializeOnLoadMethodAttributes (26ms)
				AfterProcessingInitializeOnLoad (0ms)
				EditorAssembliesLoaded (0ms)
			ExecutionOrderSort2 (0ms)
			AwakeInstancesAfterBackupRestoration (0ms)
Platform modules already initialized, skipping
Registering precompiled user dll's ...
Registered in 0.002632 seconds.
Begin MonoManager ReloadAssembly
Symbol file LoadedFromMemory doesn't match image C:\Users\rvill\OneDrive\Documents\GitHub\3D-Video-Game\Library\PackageCache\com.unity.visualscripting@1.8.0\Editor\VisualScripting.Core\Dependencies\YamlDotNet\Unity.VisualScripting.YamlDotNet.dll
Symbol file LoadedFromMemory doesn't match image C:\Users\rvill\OneDrive\Documents\GitHub\3D-Video-Game\Library\PackageCache\com.unity.visualscripting@1.8.0\Editor\VisualScripting.Core\Dependencies\DotNetZip\Unity.VisualScripting.IonicZip.dll
Native extension for WindowsStandalone target not found
Native extension for WebGL target not found
Refreshing native plugins compatible for Editor in 0.47 ms, found 3 plugins.
Preloading 0 native plugins for Editor in 0.00 ms.
Mono: successfully reloaded assembly
- Completed reload, in  0.624 seconds
Domain Reload Profiling:
	ReloadAssembly (625ms)
		BeginReloadAssembly (82ms)
			ExecutionOrderSort (0ms)
			DisableScriptedObjects (4ms)
			BackupInstance (0ms)
			ReleaseScriptingObjects (0ms)
			CreateAndSetChildDomain (19ms)
		EndReloadAssembly (474ms)
			LoadAssemblies (55ms)
			RebuildTransferFunctionScriptingTraits (0ms)
			SetupTypeCache (173ms)
			ReleaseScriptCaches (0ms)
			RebuildScriptCaches (27ms)
			SetupLoadedEditorAssemblies (205ms)
				LogAssemblyErrors (0ms)
				InitializePlatformSupportModulesInManaged (3ms)
				SetLoadedEditorAssemblies (0ms)
				RefreshPlugins (1ms)
				BeforeProcessingInitializeOnLoad (44ms)
				ProcessInitializeOnLoadAttributes (141ms)
				ProcessInitializeOnLoadMethodAttributes (12ms)
				AfterProcessingInitializeOnLoad (4ms)
				EditorAssembliesLoaded (0ms)
			ExecutionOrderSort2 (0ms)
			AwakeInstancesAfterBackupRestoration (4ms)
Platform modules already initialized, skipping
========================================================================
Worker process is ready to serve import requests
Launched and connected shader compiler UnityShaderCompiler.exe after 0.03 seconds
Refreshing native plugins compatible for Editor in 1.43 ms, found 3 plugins.
Preloading 0 native plugins for Editor in 0.00 ms.
Unloading 3056 Unused Serialized files (Serialized files now loaded: 0)
Unloading 24 unused Assets / (115.3 KB). Loaded Objects now: 3558.
Memory consumption went from 127.2 MB to 127.1 MB.
Total: 4.558200 ms (FindLiveObjects: 0.813500 ms CreateObjectMapping: 0.482700 ms MarkObjects: 3.048200 ms  DeleteObjects: 0.212900 ms)

AssetImportParameters requested are different than current active one (requested -> active):
  custom:video-decoder-ogg-theora: a1e56fd34408186e4bbccfd4996cb3dc -> 
  custom:container-muxer-webm: aa71ff27fc2769a1b78a27578f13a17b -> 
  custom:container-demuxer-webm: 4f35f7cbe854078d1ac9338744f61a02 -> 
  custom:video-encoder-webm-vp8: eb34c28f22e8b96e1ab97ce403110664 -> 
  custom:video-codec-MediaFoundation-h265: 746d11721c4dcdbdad8f713fa42b33f4 -> 
  custom:audio-encoder-webm-vorbis: bf7c407c2cedff20999df2af8eb42d56 -> 
  custom:framework-win-MediaFoundation: 216162199b28c13a410421893ffa2e32 -> 
  custom:container-demuxer-ogg: 62fdf1f143b41e24485cea50d1cbac27 -> 
  custom:video-decoder-webm-vp8: 9c59270c3fd7afecdb556c50c9e8de78 -> 
  custom:audio-decoder-ogg-vorbis: bf7c407c2cedff20999df2af8eb42d56 -> 
========================================================================
Received Import Request.
  Time since last request: 348414.727982 seconds.
  path: Assets/New Terrain 1.asset
  artifactKey: Guid(9243c898f82d7ec4ba10c6ecf78e6660) Importer(815301076,1909f56bfc062723c751e8b465ee728b)
Start importing Assets/New Terrain 1.asset using Guid(9243c898f82d7ec4ba10c6ecf78e6660) Importer(815301076,1909f56bfc062723c751e8b465ee728b)  -> (artifact id: 'dc425d59a291605162c1933996575f33') in 0.050129 seconds 
========================================================================
Received Import Request.
  Time since last request: 0.000036 seconds.
  path: Assets/TerrainData_bda5bb60-ea3a-4f51-828c-2130ca81f818.asset
  artifactKey: Guid(c151238829dea6d4e8715a61d207b398) Importer(815301076,1909f56bfc062723c751e8b465ee728b)
Start importing Assets/TerrainData_bda5bb60-ea3a-4f51-828c-2130ca81f818.asset using Guid(c151238829dea6d4e8715a61d207b398) Importer(815301076,1909f56bfc062723c751e8b465ee728b)  -> (artifact id: '50de34d35c10c8e8d3c96b208f0b5476') in 0.010441 seconds 
========================================================================
Received Import Request.
  Time since last request: 0.000022 seconds.
  path: Assets/TerrainData_1f284a11-c1d5-4cf3-adec-2a9a9eecb595.asset
  artifactKey: Guid(0c984a0b16dcf0743a4855ea1595d268) Importer(815301076,1909f56bfc062723c751e8b465ee728b)
Start importing Assets/TerrainData_1f284a11-c1d5-4cf3-adec-2a9a9eecb595.asset using Guid(0c984a0b16dcf0743a4855ea1595d268) Importer(815301076,1909f56bfc062723c751e8b465ee728b)  -> (artifact id: '0f11f95783499e50f7a60eacfc99c3f8') in 0.014940 seconds 
========================================================================
Received Import Request.
  Time since last request: 0.000021 seconds.
  path: Assets/TerrainData_3faefeb5-71be-4f02-8968-4d08e9aaa78e.asset
  artifactKey: Guid(7f70834e7ee945642bcff5d38012f2a9) Importer(815301076,1909f56bfc062723c751e8b465ee728b)
Start importing Assets/TerrainData_3faefeb5-71be-4f02-8968-4d08e9aaa78e.asset using Guid(7f70834e7ee945642bcff5d38012f2a9) Importer(815301076,1909f56bfc062723c751e8b465ee728b)  -> (artifact id: '3b7b508807d168edcd01f717f196491c') in 0.010184 seconds 
========================================================================
Received Import Request.
  Time since last request: 0.000023 seconds.
  path: Assets/TerrainData_3f9bdfda-24d1-41d8-97bf-bb8cf596216b.asset
  artifactKey: Guid(26e0962523bb1684f8ce5082a4fd54c9) Importer(815301076,1909f56bfc062723c751e8b465ee728b)
Start importing Assets/TerrainData_3f9bdfda-24d1-41d8-97bf-bb8cf596216b.asset using Guid(26e0962523bb1684f8ce5082a4fd54c9) Importer(815301076,1909f56bfc062723c751e8b465ee728b)  -> (artifact id: 'c00dc6738c4e9ebc47b6fc6cde1fd0d7') in 0.010823 seconds 
========================================================================
Received Import Request.
  Time since last request: 0.000019 seconds.
  path: Assets/TerrainData_58e6106c-9d2d-4b67-9622-7ee84503730e.asset
  artifactKey: Guid(426eafe40d2fbfa40a91f63b29ae0f11) Importer(815301076,1909f56bfc062723c751e8b465ee728b)
Start importing Assets/TerrainData_58e6106c-9d2d-4b67-9622-7ee84503730e.asset using Guid(426eafe40d2fbfa40a91f63b29ae0f11) Importer(815301076,1909f56bfc062723c751e8b465ee728b)  -> (artifact id: '76e0aec8da486932ac0e7c1ce6313228') in 0.011610 seconds 
========================================================================
Received Import Request.
  Time since last request: 0.000036 seconds.
  path: Assets/TerrainData_1ba6ff5b-6d2b-4d7a-a37a-f47a599d288a.asset
  artifactKey: Guid(f640a1981245ca44bba2dd5462c19dd3) Importer(815301076,1909f56bfc062723c751e8b465ee728b)
Start importing Assets/TerrainData_1ba6ff5b-6d2b-4d7a-a37a-f47a599d288a.asset using Guid(f640a1981245ca44bba2dd5462c19dd3) Importer(815301076,1909f56bfc062723c751e8b465ee728b)  -> (artifact id: 'ff311cd5c3ee6e2a90e5a56fce190089') in 0.009395 seconds 
========================================================================
Received Import Request.
  Time since last request: 0.000019 seconds.
  path: Assets/TerrainData_99301be8-d47d-479b-85e7-73699bff653c.asset
  artifactKey: Guid(4fa9494e8c580a24aae34fb0e38baa10) Importer(815301076,1909f56bfc062723c751e8b465ee728b)
Start importing Assets/TerrainData_99301be8-d47d-479b-85e7-73699bff653c.asset using Guid(4fa9494e8c580a24aae34fb0e38baa10) Importer(815301076,1909f56bfc062723c751e8b465ee728b)  -> (artifact id: '4bce8bbd861250db8ffa389ccc263733') in 0.008218 seconds 
========================================================================
Received Import Request.
  Time since last request: 0.000017 seconds.
  path: Assets/TerrainData_536a8db7-c901-4c55-9f34-eab3d79eb625.asset
  artifactKey: Guid(35bbd624a8526b3449e4ac0fe83d89d1) Importer(815301076,1909f56bfc062723c751e8b465ee728b)
Start importing Assets/TerrainData_536a8db7-c901-4c55-9f34-eab3d79eb625.asset using Guid(35bbd624a8526b3449e4ac0fe83d89d1) Importer(815301076,1909f56bfc062723c751e8b465ee728b)  -> (artifact id: '3beaf8278634d370df89ef5794e6e382') in 0.008361 seconds 
========================================================================
Received Import Request.
  Time since last request: 0.000016 seconds.
  path: Assets/TerrainData_572acc64-c3e7-4eeb-ba19-f4840e3566ab.asset
  artifactKey: Guid(55f192af7d5af4c4fb667cc1eec8d2ec) Importer(815301076,1909f56bfc062723c751e8b465ee728b)
Start importing Assets/TerrainData_572acc64-c3e7-4eeb-ba19-f4840e3566ab.asset using Guid(55f192af7d5af4c4fb667cc1eec8d2ec) Importer(815301076,1909f56bfc062723c751e8b465ee728b)  -> (artifact id: '3e9a3f76898c65ce9b9bfa34179d7625') in 0.007758 seconds 
========================================================================
Received Import Request.
  Time since last request: 0.000016 seconds.
  path: Assets/TerrainData_6b13c17f-6dc0-4293-9aa7-55d41d76e3b9.asset
  artifactKey: Guid(0a3cc2667856b614ca8c30f68e5e28f5) Importer(815301076,1909f56bfc062723c751e8b465ee728b)
Start importing Assets/TerrainData_6b13c17f-6dc0-4293-9aa7-55d41d76e3b9.asset using Guid(0a3cc2667856b614ca8c30f68e5e28f5) Importer(815301076,1909f56bfc062723c751e8b465ee728b)  -> (artifact id: 'a37e7fa56f65e50d9ba7fdbb4a8a047c') in 0.007566 seconds 
========================================================================
Received Import Request.
  Time since last request: 0.000017 seconds.
  path: Assets/TerrainData_242908d9-881e-4d4d-9b94-e823f53197a4.asset
  artifactKey: Guid(5da6ff67858b62044b32cbbb3e9009db) Importer(815301076,1909f56bfc062723c751e8b465ee728b)
Start importing Assets/TerrainData_242908d9-881e-4d4d-9b94-e823f53197a4.asset using Guid(5da6ff67858b62044b32cbbb3e9009db) Importer(815301076,1909f56bfc062723c751e8b465ee728b)  -> (artifact id: '90e4b13d41e8b3ab0664d789b7fc1835') in 0.008434 seconds 
========================================================================
Received Import Request.
  Time since last request: 0.000047 seconds.
  path: Assets/TerrainData_b6c9cebf-8d66-44b0-ab99-76e91b836420.asset
  artifactKey: Guid(9bbd2add87c92d5449775769cfe5851b) Importer(815301076,1909f56bfc062723c751e8b465ee728b)
Start importing Assets/TerrainData_b6c9cebf-8d66-44b0-ab99-76e91b836420.asset using Guid(9bbd2add87c92d5449775769cfe5851b) Importer(815301076,1909f56bfc062723c751e8b465ee728b)  -> (artifact id: '68b42dfdaed4801c6f1f5b9325783ac4') in 0.009232 seconds 
========================================================================
Received Import Request.
  Time since last request: 0.000018 seconds.
  path: Assets/Canvas.prefab
  artifactKey: Guid(b3d0300b7dc26a34185cce1a227e752f) Importer(815301076,1909f56bfc062723c751e8b465ee728b)
Start importing Assets/Canvas.prefab using Guid(b3d0300b7dc26a34185cce1a227e752f) Importer(815301076,1909f56bfc062723c751e8b465ee728b)  -> (artifact id: '5959f5d830adae9909984e57b788f0dc') in 0.022439 seconds 
========================================================================
Received Import Request.
  Time since last request: 0.000041 seconds.
  path: Assets/New Terrain.asset
  artifactKey: Guid(0f5f96e329eace74aad83cbc4e0d29d8) Importer(815301076,1909f56bfc062723c751e8b465ee728b)
Start importing Assets/New Terrain.asset using Guid(0f5f96e329eace74aad83cbc4e0d29d8) Importer(815301076,1909f56bfc062723c751e8b465ee728b)  -> (artifact id: '6c67a1bebcb8a0a1ee65237a6207b7f9') in 0.012682 seconds 
========================================================================
Received Import Request.
  Time since last request: 0.000016 seconds.
  path: Assets/TerrainData_0f4bcefd-1363-4bb9-844f-d2b26c73e1c7.asset
  artifactKey: Guid(d950d91fcb01f1b479569b60e40cb6ce) Importer(815301076,1909f56bfc062723c751e8b465ee728b)
Start importing Assets/TerrainData_0f4bcefd-1363-4bb9-844f-d2b26c73e1c7.asset using Guid(d950d91fcb01f1b479569b60e40cb6ce) Importer(815301076,1909f56bfc062723c751e8b465ee728b)  -> (artifact id: '1469eeb1418cb9133b61d482a82d1e6f') in 0.009874 seconds 
========================================================================
Received Import Request.
  Time since last request: 0.000022 seconds.
  path: Assets/TerrainData_2d521fbf-c2e1-4406-907e-cfcbf6b87b93.asset
  artifactKey: Guid(e622de87ed481e241acde326de02a8cb) Importer(815301076,1909f56bfc062723c751e8b465ee728b)
Start importing Assets/TerrainData_2d521fbf-c2e1-4406-907e-cfcbf6b87b93.asset using Guid(e622de87ed481e241acde326de02a8cb) Importer(815301076,1909f56bfc062723c751e8b465ee728b)  -> (artifact id: '1a528db9814ef36f8d9b84c30f2ddd2a') in 0.048666 seconds 
========================================================================
Received Import Request.
  Time since last request: 0.000018 seconds.
  path: Assets/New Physic Material.physicMaterial
  artifactKey: Guid(0643072338856cf408c5fe72e3dab800) Importer(815301076,1909f56bfc062723c751e8b465ee728b)
Start importing Assets/New Physic Material.physicMaterial using Guid(0643072338856cf408c5fe72e3dab800) Importer(815301076,1909f56bfc062723c751e8b465ee728b)  -> (artifact id: '98edb0c0281d997286ce9c2886cdb87f') in 0.006936 seconds 
Editor requested this worker to shutdown with reason: Scaling down because of idle timeout
AssetImportWorker is now disconnected from the server
Process exiting
Exiting without the bug reporter. Application will terminate with return code 0