Using pre-set license
Built from '2021.3/staging' branch; Version is '2021.3.19f1 (c9714fde33b6) revision 13201743'; Using compiler version '192829333'; Build Type 'Release'
OS: 'Windows 11  (10.0.22621) 64bit Professional' Language: 'en' Physical Memory: 65388 MB
BatchMode: 1, IsHumanControllingUs: 0, StartBugReporterOnCrash: 0, Is64bit: 1, IsPro: 1

COMMAND LINE ARGUMENTS:
C:\Program Files\Unity\Hub\Editor\2021.3.19f1\Editor\Unity.exe
-adb2
-batchMode
-noUpm
-name
AssetImportWorker0
-projectPath
C:/Users/mattm/Documents/GitHub/3D-Video-Game
-logFile
Logs/AssetImportWorker0.log
-srvPort
64391
Successfully changed project path to: C:/Users/mattm/Documents/GitHub/3D-Video-Game
C:/Users/mattm/Documents/GitHub/3D-Video-Game
[UnityMemory] Configuration Parameters - Can be set up in boot.config
    "memorysetup-bucket-allocator-granularity=16"
    "memorysetup-bucket-allocator-bucket-count=8"
    "memorysetup-bucket-allocator-block-size=33554432"
    "memorysetup-bucket-allocator-block-count=8"
    "memorysetup-main-allocator-block-size=16777216"
    "memorysetup-thread-allocator-block-size=16777216"
    "memorysetup-gfx-main-allocator-block-size=16777216"
    "memorysetup-gfx-thread-allocator-block-size=16777216"
    "memorysetup-cache-allocator-block-size=4194304"
    "memorysetup-typetree-allocator-block-size=2097152"
    "memorysetup-profiler-bucket-allocator-granularity=16"
    "memorysetup-profiler-bucket-allocator-bucket-count=8"
    "memorysetup-profiler-bucket-allocator-block-size=33554432"
    "memorysetup-profiler-bucket-allocator-block-count=8"
    "memorysetup-profiler-allocator-block-size=16777216"
    "memorysetup-profiler-editor-allocator-block-size=1048576"
    "memorysetup-temp-allocator-size-main=16777216"
    "memorysetup-job-temp-allocator-block-size=2097152"
    "memorysetup-job-temp-allocator-block-size-background=1048576"
    "memorysetup-job-temp-allocator-reduction-small-platforms=262144"
    "memorysetup-temp-allocator-size-background-worker=32768"
    "memorysetup-temp-allocator-size-job-worker=262144"
    "memorysetup-temp-allocator-size-preload-manager=33554432"
    "memorysetup-temp-allocator-size-nav-mesh-worker=65536"
    "memorysetup-temp-allocator-size-audio-worker=65536"
    "memorysetup-temp-allocator-size-cloud-worker=32768"
    "memorysetup-temp-allocator-size-gi-baking-worker=262144"
    "memorysetup-temp-allocator-size-gfx=262144"
Player connection [27616] Host "[IP] 192.168.86.52 [Port] 0 [Flags] 2 [Guid] 3771862070 [EditorId] 3771862070 [Version] 1048832 [Id] WindowsEditor(7,DESKTOP-701T92V) [Debug] 1 [PackageName] WindowsEditor [ProjectName] Editor" joined multi-casting on [225.0.0.222:54997]...

Player connection [27616] Host "[IP] 192.168.86.52 [Port] 0 [Flags] 2 [Guid] 3771862070 [EditorId] 3771862070 [Version] 1048832 [Id] WindowsEditor(7,DESKTOP-701T92V) [Debug] 1 [PackageName] WindowsEditor [ProjectName] Editor" joined alternative multi-casting on [225.0.0.222:34997]...

Refreshing native plugins compatible for Editor in 71.14 ms, found 3 plugins.
Preloading 0 native plugins for Editor in 0.00 ms.
Initialize engine version: 2021.3.19f1 (c9714fde33b6)
[Subsystems] Discovering subsystems at path C:/Program Files/Unity/Hub/Editor/2021.3.19f1/Editor/Data/Resources/UnitySubsystems
[Subsystems] Discovering subsystems at path C:/Users/mattm/Documents/GitHub/3D-Video-Game/Assets
GfxDevice: creating device client; threaded=0; jobified=0
Direct3D:
    Version:  Direct3D 11.0 [level 11.1]
    Renderer: NVIDIA GeForce RTX 3080 (ID=0x2216)
    Vendor:   NVIDIA
    VRAM:     10078 MB
    Driver:   31.0.15.1659
Initialize mono
Mono path[0] = 'C:/Program Files/Unity/Hub/Editor/2021.3.19f1/Editor/Data/Managed'
Mono path[1] = 'C:/Program Files/Unity/Hub/Editor/2021.3.19f1/Editor/Data/MonoBleedingEdge/lib/mono/unityjit-win32'
Mono config path = 'C:/Program Files/Unity/Hub/Editor/2021.3.19f1/Editor/Data/MonoBleedingEdge/etc'
Using monoOptions --debugger-agent=transport=dt_socket,embedding=1,server=y,suspend=n,address=127.0.0.1:56108
Begin MonoManager ReloadAssembly
Registering precompiled unity dll's ...
Register platform support module: C:/Program Files/Unity/Hub/Editor/2021.3.19f1/Editor/Data/PlaybackEngines/WindowsStandaloneSupport/UnityEditor.WindowsStandalone.Extensions.dll
Registered in 0.004574 seconds.
Native extension for WindowsStandalone target not found
Refreshing native plugins compatible for Editor in 70.06 ms, found 3 plugins.
Preloading 0 native plugins for Editor in 0.00 ms.
Mono: successfully reloaded assembly
- Completed reload, in  0.570 seconds
Domain Reload Profiling:
	ReloadAssembly (571ms)
		BeginReloadAssembly (62ms)
			ExecutionOrderSort (0ms)
			DisableScriptedObjects (0ms)
			BackupInstance (0ms)
			ReleaseScriptingObjects (0ms)
			CreateAndSetChildDomain (1ms)
		EndReloadAssembly (416ms)
			LoadAssemblies (60ms)
			RebuildTransferFunctionScriptingTraits (0ms)
			SetupTypeCache (94ms)
			ReleaseScriptCaches (0ms)
			RebuildScriptCaches (25ms)
			SetupLoadedEditorAssemblies (248ms)
				LogAssemblyErrors (0ms)
				InitializePlatformSupportModulesInManaged (6ms)
				SetLoadedEditorAssemblies (0ms)
				RefreshPlugins (70ms)
				BeforeProcessingInitializeOnLoad (1ms)
				ProcessInitializeOnLoadAttributes (128ms)
				ProcessInitializeOnLoadMethodAttributes (42ms)
				AfterProcessingInitializeOnLoad (0ms)
				EditorAssembliesLoaded (0ms)
			ExecutionOrderSort2 (0ms)
			AwakeInstancesAfterBackupRestoration (0ms)
Platform modules already initialized, skipping
Registering precompiled user dll's ...
Registered in 0.006582 seconds.
Begin MonoManager ReloadAssembly
Symbol file LoadedFromMemory doesn't match image C:\Users\mattm\Documents\GitHub\3D-Video-Game\Library\PackageCache\com.unity.visualscripting@1.8.0\Editor\VisualScripting.Core\Dependencies\YamlDotNet\Unity.VisualScripting.YamlDotNet.dll
Symbol file LoadedFromMemory doesn't match image C:\Users\mattm\Documents\GitHub\3D-Video-Game\Library\PackageCache\com.unity.visualscripting@1.8.0\Editor\VisualScripting.Core\Dependencies\DotNetZip\Unity.VisualScripting.IonicZip.dll
Native extension for WindowsStandalone target not found
Refreshing native plugins compatible for Editor in 0.47 ms, found 3 plugins.
Preloading 0 native plugins for Editor in 0.00 ms.
Mono: successfully reloaded assembly
- Completed reload, in  0.870 seconds
Domain Reload Profiling:
	ReloadAssembly (870ms)
		BeginReloadAssembly (91ms)
			ExecutionOrderSort (0ms)
			DisableScriptedObjects (6ms)
			BackupInstance (0ms)
			ReleaseScriptingObjects (0ms)
			CreateAndSetChildDomain (15ms)
		EndReloadAssembly (678ms)
			LoadAssemblies (65ms)
			RebuildTransferFunctionScriptingTraits (0ms)
			SetupTypeCache (230ms)
			ReleaseScriptCaches (0ms)
			RebuildScriptCaches (41ms)
			SetupLoadedEditorAssemblies (308ms)
				LogAssemblyErrors (0ms)
				InitializePlatformSupportModulesInManaged (4ms)
				SetLoadedEditorAssemblies (0ms)
				RefreshPlugins (1ms)
				BeforeProcessingInitializeOnLoad (78ms)
				ProcessInitializeOnLoadAttributes (202ms)
				ProcessInitializeOnLoadMethodAttributes (16ms)
				AfterProcessingInitializeOnLoad (6ms)
				EditorAssembliesLoaded (0ms)
			ExecutionOrderSort2 (0ms)
			AwakeInstancesAfterBackupRestoration (6ms)
Platform modules already initialized, skipping
========================================================================
Worker process is ready to serve import requests
Launched and connected shader compiler UnityShaderCompiler.exe after 0.03 seconds
Refreshing native plugins compatible for Editor in 0.45 ms, found 3 plugins.
Preloading 0 native plugins for Editor in 0.00 ms.
Unloading 3047 Unused Serialized files (Serialized files now loaded: 0)
Unloading 24 unused Assets / (114.1 KB). Loaded Objects now: 3529.
Memory consumption went from 120.7 MB to 120.5 MB.
Total: 2.366400 ms (FindLiveObjects: 0.213500 ms CreateObjectMapping: 0.157000 ms MarkObjects: 1.908200 ms  DeleteObjects: 0.087100 ms)

AssetImportParameters requested are different than current active one (requested -> active):
  custom:video-decoder-ogg-theora: a1e56fd34408186e4bbccfd4996cb3dc -> 
  custom:container-muxer-webm: aa71ff27fc2769a1b78a27578f13a17b -> 
  custom:container-demuxer-webm: 4f35f7cbe854078d1ac9338744f61a02 -> 
  custom:video-encoder-webm-vp8: eb34c28f22e8b96e1ab97ce403110664 -> 
  custom:audio-encoder-webm-vorbis: bf7c407c2cedff20999df2af8eb42d56 -> 
  custom:framework-win-MediaFoundation: 216162199b28c13a410421893ffa2e32 -> 
  custom:container-demuxer-ogg: 62fdf1f143b41e24485cea50d1cbac27 -> 
  custom:video-decoder-webm-vp8: 9c59270c3fd7afecdb556c50c9e8de78 -> 
  custom:audio-decoder-ogg-vorbis: bf7c407c2cedff20999df2af8eb42d56 -> 
========================================================================
Received Import Request.
  Time since last request: 394202.435504 seconds.
  path: Assets/New Terrain 1.asset
  artifactKey: Guid(018dcefaefa8c27409f006b914877bdf) Importer(815301076,1909f56bfc062723c751e8b465ee728b)
Start importing Assets/New Terrain 1.asset using Guid(018dcefaefa8c27409f006b914877bdf) Importer(815301076,1909f56bfc062723c751e8b465ee728b)  -> (artifact id: '90c90d460802acc954fbd3d2c8fb6885') in 0.038584 seconds 
========================================================================
Received Import Request.
  Time since last request: 66542.950452 seconds.
  path: Assets/3D Haven/Free Fantasy Terrain Textures/Textures/1K Resolution
  artifactKey: Guid(face3ac06f1e6564693ae0e942eae346) Importer(815301076,1909f56bfc062723c751e8b465ee728b)
Start importing Assets/3D Haven/Free Fantasy Terrain Textures/Textures/1K Resolution using Guid(face3ac06f1e6564693ae0e942eae346) Importer(815301076,1909f56bfc062723c751e8b465ee728b)  -> (artifact id: 'eac26fcbb12edfc22b6e0c49fa67b6c6') in 0.006082 seconds 
========================================================================
Received Import Request.
  Time since last request: 33.174484 seconds.
  path: Assets/3D Haven/Free Fantasy Terrain Textures/Textures/1K Resolution/Desert.mat
  artifactKey: Guid(93407cbbb977edf458b2cb3593150d2d) Importer(815301076,1909f56bfc062723c751e8b465ee728b)
Start importing Assets/3D Haven/Free Fantasy Terrain Textures/Textures/1K Resolution/Desert.mat using Guid(93407cbbb977edf458b2cb3593150d2d) Importer(815301076,1909f56bfc062723c751e8b465ee728b)  -> (artifact id: '0f3cd8903b274b3e55d8d06e030ce22b') in 0.087983 seconds 
========================================================================
Received Import Request.
  Time since last request: 233.700945 seconds.
  path: Assets/3D Haven/Free Fantasy Terrain Textures/Textures/4K Resolution/Grass4k.mat
  artifactKey: Guid(22b860789d5d68e439cdbace00a50c53) Importer(815301076,1909f56bfc062723c751e8b465ee728b)
Start importing Assets/3D Haven/Free Fantasy Terrain Textures/Textures/4K Resolution/Grass4k.mat using Guid(22b860789d5d68e439cdbace00a50c53) Importer(815301076,1909f56bfc062723c751e8b465ee728b)  -> (artifact id: 'a3fa127c4e473e6c3743de03b0ca055c') in 0.029590 seconds 
========================================================================
Received Import Request.
  Time since last request: 198.400780 seconds.
  path: Assets/LtDesert.mat
  artifactKey: Guid(bba38c7f91294944a8791079c736e0e8) Importer(815301076,1909f56bfc062723c751e8b465ee728b)
Start importing Assets/LtDesert.mat using Guid(bba38c7f91294944a8791079c736e0e8) Importer(815301076,1909f56bfc062723c751e8b465ee728b)  -> (artifact id: 'cc587319f46e0921a7e51dd200806aa3') in 0.011126 seconds 
========================================================================
Received Import Request.
  Time since last request: 31.697444 seconds.
  path: Packages/com.unity.textmeshpro/Editor Resources/Textures/btn_AlignFlush.psd
  artifactKey: Guid(691475c57a824010be0c6f474caeb7e1) Importer(815301076,1909f56bfc062723c751e8b465ee728b)
Start importing Packages/com.unity.textmeshpro/Editor Resources/Textures/btn_AlignFlush.psd using Guid(691475c57a824010be0c6f474caeb7e1) Importer(815301076,1909f56bfc062723c751e8b465ee728b)  -> (artifact id: '75fe30df852767926f8b3227b2e5b618') in 0.019973 seconds 
========================================================================
Received Import Request.
  Time since last request: 0.031469 seconds.
  path: Packages/com.unity.textmeshpro/Editor Resources/Textures/btn_AlignJustified.psd
  artifactKey: Guid(92027f7f8cfc4feaa477da0dc38d3d46) Importer(815301076,1909f56bfc062723c751e8b465ee728b)
Start importing Packages/com.unity.textmeshpro/Editor Resources/Textures/btn_AlignJustified.psd using Guid(92027f7f8cfc4feaa477da0dc38d3d46) Importer(815301076,1909f56bfc062723c751e8b465ee728b)  -> (artifact id: '88eab5b378584069bfa2518cd079c6d9') in 0.041864 seconds 
========================================================================
Received Import Request.
  Time since last request: 0.007643 seconds.
  path: Packages/com.unity.textmeshpro/Editor Resources/Textures/btn_AlignLeft.psd
  artifactKey: Guid(9288066c33474b94b6ee5465f4df1cc0) Importer(815301076,1909f56bfc062723c751e8b465ee728b)
Start importing Packages/com.unity.textmeshpro/Editor Resources/Textures/btn_AlignLeft.psd using Guid(9288066c33474b94b6ee5465f4df1cc0) Importer(815301076,1909f56bfc062723c751e8b465ee728b)  -> (artifact id: '5baf3df44971ee5afeacf7ed816872d4') in 0.013696 seconds 
========================================================================
Received Import Request.
  Time since last request: 0.000014 seconds.
  path: Packages/com.unity.textmeshpro/Editor Resources/Textures/btn_AlignJustified_Light.psd
  artifactKey: Guid(fa6bd40a216346b783a4cce741d277a5) Importer(815301076,1909f56bfc062723c751e8b465ee728b)
Start importing Packages/com.unity.textmeshpro/Editor Resources/Textures/btn_AlignJustified_Light.psd using Guid(fa6bd40a216346b783a4cce741d277a5) Importer(815301076,1909f56bfc062723c751e8b465ee728b)  -> (artifact id: '792430ad32230141f377b9b5d51160e7') in 0.012957 seconds 
========================================================================
Received Import Request.
  Time since last request: 284.907660 seconds.
  path: Assets/TerrainData_7bf6b816-a3c6-44af-bcc7-8b0c7aee43e6.asset
  artifactKey: Guid(5669063cd7b12c14db1c231ebc786c11) Importer(815301076,1909f56bfc062723c751e8b465ee728b)
Start importing Assets/TerrainData_7bf6b816-a3c6-44af-bcc7-8b0c7aee43e6.asset using Guid(5669063cd7b12c14db1c231ebc786c11) Importer(815301076,1909f56bfc062723c751e8b465ee728b)  -> (artifact id: '73ade4c69fb24a99bcff18c2d0b084a1') in 0.010141 seconds 
========================================================================
Received Import Request.
  Time since last request: 0.011079 seconds.
  path: Assets/TerrainData_79eab1d1-b667-4429-bd51-5af6937c9ac6.asset
  artifactKey: Guid(88af8e9d4837e3f41bb385cfeecbf1b0) Importer(815301076,1909f56bfc062723c751e8b465ee728b)
Start importing Assets/TerrainData_79eab1d1-b667-4429-bd51-5af6937c9ac6.asset using Guid(88af8e9d4837e3f41bb385cfeecbf1b0) Importer(815301076,1909f56bfc062723c751e8b465ee728b)  -> (artifact id: '01fcf225529a924577977e00cf033fd4') in 0.009312 seconds 
========================================================================
Received Import Request.
  Time since last request: 0.000023 seconds.
  path: Assets/TerrainData_274ed64e-6641-4c18-b2d8-563088f8fd6f.asset
  artifactKey: Guid(84476141b2bcdb0459bcca8a044bf5aa) Importer(815301076,1909f56bfc062723c751e8b465ee728b)
Start importing Assets/TerrainData_274ed64e-6641-4c18-b2d8-563088f8fd6f.asset using Guid(84476141b2bcdb0459bcca8a044bf5aa) Importer(815301076,1909f56bfc062723c751e8b465ee728b)  -> (artifact id: '4053e2b056df2a13afeb01a44aa7165c') in 0.010198 seconds 
========================================================================
Received Import Request.
  Time since last request: 0.000017 seconds.
  path: Assets/TerrainData_87333a7d-019e-4195-9f5d-2d392a828c0c.asset
  artifactKey: Guid(c1fca9ec00b8ed2449597744084f8844) Importer(815301076,1909f56bfc062723c751e8b465ee728b)
Start importing Assets/TerrainData_87333a7d-019e-4195-9f5d-2d392a828c0c.asset using Guid(c1fca9ec00b8ed2449597744084f8844) Importer(815301076,1909f56bfc062723c751e8b465ee728b)  -> (artifact id: '04262e3ac64b1639f804d03320227eae') in 0.008645 seconds 
========================================================================
Received Import Request.
  Time since last request: 0.000028 seconds.
  path: Assets/TerrainData_a9ef4dcf-ebd4-40af-919c-f6801572cbbe.asset
  artifactKey: Guid(1a7ff56537cbe66408e627fb9a0c811e) Importer(815301076,1909f56bfc062723c751e8b465ee728b)
Start importing Assets/TerrainData_a9ef4dcf-ebd4-40af-919c-f6801572cbbe.asset using Guid(1a7ff56537cbe66408e627fb9a0c811e) Importer(815301076,1909f56bfc062723c751e8b465ee728b)  -> (artifact id: '389cdd246c0f755a71a7c9863c725b6a') in 0.009056 seconds 
========================================================================
Received Import Request.
  Time since last request: 0.000015 seconds.
  path: Assets/TerrainData_a56aa3ac-edef-46e3-8436-ec6357df3508.asset
  artifactKey: Guid(06c0144ef292e01428f9cdc7e6162dcc) Importer(815301076,1909f56bfc062723c751e8b465ee728b)
Start importing Assets/TerrainData_a56aa3ac-edef-46e3-8436-ec6357df3508.asset using Guid(06c0144ef292e01428f9cdc7e6162dcc) Importer(815301076,1909f56bfc062723c751e8b465ee728b)  -> (artifact id: 'e00a345c812907079fc25967cca07ed5') in 0.008769 seconds 
========================================================================
Received Import Request.
  Time since last request: 0.000016 seconds.
  path: Assets/TerrainData_11577c20-d880-493e-b615-1a405947d75a.asset
  artifactKey: Guid(3dd47601d06d418498838412ce848a8a) Importer(815301076,1909f56bfc062723c751e8b465ee728b)
Start importing Assets/TerrainData_11577c20-d880-493e-b615-1a405947d75a.asset using Guid(3dd47601d06d418498838412ce848a8a) Importer(815301076,1909f56bfc062723c751e8b465ee728b)  -> (artifact id: '24792534a96b29c94fa3f4d2854dfee9') in 0.009019 seconds 
========================================================================
Received Import Request.
  Time since last request: 0.000016 seconds.
  path: Assets/TerrainData_9e67e394-1291-4905-9dfb-434c454ae467.asset
  artifactKey: Guid(4e070daa57793af4a89ab599719b6d24) Importer(815301076,1909f56bfc062723c751e8b465ee728b)
Start importing Assets/TerrainData_9e67e394-1291-4905-9dfb-434c454ae467.asset using Guid(4e070daa57793af4a89ab599719b6d24) Importer(815301076,1909f56bfc062723c751e8b465ee728b)  -> (artifact id: '78f0528def70acd0303b8036208f33a0') in 0.008852 seconds 
========================================================================
Received Import Request.
  Time since last request: 0.000015 seconds.
  path: Assets/TerrainData_79fdb6ff-65b0-40f9-a92b-cdb6265e8335.asset
  artifactKey: Guid(051c9cb4f7eaf6b48a590204138ef3bd) Importer(815301076,1909f56bfc062723c751e8b465ee728b)
Start importing Assets/TerrainData_79fdb6ff-65b0-40f9-a92b-cdb6265e8335.asset using Guid(051c9cb4f7eaf6b48a590204138ef3bd) Importer(815301076,1909f56bfc062723c751e8b465ee728b)  -> (artifact id: '4d1796f0471c161e6e5c5b78403410f2') in 0.008780 seconds 
========================================================================
Received Import Request.
  Time since last request: 0.000014 seconds.
  path: Assets/TerrainData_a60bd458-1e7f-42d5-bdb7-730a99aa2372.asset
  artifactKey: Guid(7245931e225d36c4c81a2a87e97d2e66) Importer(815301076,1909f56bfc062723c751e8b465ee728b)
Start importing Assets/TerrainData_a60bd458-1e7f-42d5-bdb7-730a99aa2372.asset using Guid(7245931e225d36c4c81a2a87e97d2e66) Importer(815301076,1909f56bfc062723c751e8b465ee728b)  -> (artifact id: '61f61eb75bc15c6a410556f0841e9cd4') in 0.009184 seconds 
Editor requested this worker to shutdown with reason: Scaling down because of idle timeout
AssetImportWorker is now disconnected from the server
Process exiting
Exiting without the bug reporter. Application will terminate with return code 0